<?xml version="1.0" encoding="UTF-8"?>
<coverage generated="1770063209681" clover="3.2.0">
  <project timestamp="1770063209681" name="All files">
    <metrics statements="30" coveredstatements="26" conditionals="6" coveredconditionals="3" methods="13" coveredmethods="10" elements="49" coveredelements="39" complexity="0" loc="30" ncloc="30" packages="1" files="3" classes="3"/>
    <file name="board.service.ts" path="/home/romanovskyi/projects/github-kanban-task/server/src/api/controllers/serviсes/board.service.ts">
      <metrics statements="10" coveredstatements="7" conditionals="0" coveredconditionals="0" methods="5" coveredmethods="2"/>
      <line num="3" count="1" type="stmt"/>
      <line num="4" count="1" type="stmt"/>
      <line num="9" count="1" type="stmt"/>
      <line num="10" count="0" type="stmt"/>
      <line num="24" count="1" type="stmt"/>
      <line num="25" count="1" type="stmt"/>
      <line num="30" count="1" type="stmt"/>
      <line num="31" count="0" type="stmt"/>
      <line num="37" count="1" type="stmt"/>
      <line num="38" count="0" type="stmt"/>
    </file>
    <file name="card.service.ts" path="/home/romanovskyi/projects/github-kanban-task/server/src/api/controllers/serviсes/card.service.ts">
      <metrics statements="14" coveredstatements="13" conditionals="6" coveredconditionals="3" methods="5" coveredmethods="5"/>
      <line num="3" count="1" type="stmt"/>
      <line num="5" count="1" type="stmt"/>
      <line num="10" count="1" type="cond" truecount="1" falsecount="1"/>
      <line num="12" count="1" type="stmt"/>
      <line num="22" count="1" type="stmt"/>
      <line num="23" count="1" type="stmt"/>
      <line num="29" count="1" type="stmt"/>
      <line num="30" count="1" type="stmt"/>
      <line num="39" count="1" type="stmt"/>
      <line num="40" count="1" type="stmt"/>
      <line num="41" count="1" type="stmt"/>
      <line num="42" count="1" type="cond" truecount="1" falsecount="1"/>
      <line num="43" count="0" type="stmt"/>
      <line num="47" count="1" type="stmt"/>
    </file>
    <file name="column.service.ts" path="/home/romanovskyi/projects/github-kanban-task/server/src/api/controllers/serviсes/column.service.ts">
      <metrics statements="6" coveredstatements="6" conditionals="0" coveredconditionals="0" methods="3" coveredmethods="3"/>
      <line num="3" count="1" type="stmt"/>
      <line num="4" count="1" type="stmt"/>
      <line num="12" count="1" type="stmt"/>
      <line num="13" count="1" type="stmt"/>
      <line num="19" count="1" type="stmt"/>
      <line num="20" count="1" type="stmt"/>
    </file>
  </project>
</coverage>
